app/build/intermediates/manifest_merge_blame_file/debug/processDebugMainManifest/manifest-merger-blame-debug-report.txt
1<?xml version="1.0" encoding="utf-8"?>
2<manifest xmlns:android="http://schemas.android.com/apk/res/android"
3    package="com.example.creditcalculator"
4    android:versionCode="20"
5    android:versionName="1.20" >
6
7    <uses-sdk
8        android:minSdkVersion="23"
9        android:targetSdkVersion="35" />
10
11    <uses-permission android:name="android.permission.POST_NOTIFICATIONS" />
11-->src/main/AndroidManifest.xml:3:5-77
11-->src/main/AndroidManifest.xml:3:22-74
12    <uses-permission android:name="android.permission.RECEIVE_BOOT_COMPLETED" />
12-->src/main/AndroidManifest.xml:4:5-81
12-->src/main/AndroidManifest.xml:4:22-78
13    <uses-permission android:name="android.permission.USE_BIOMETRIC" />
13-->src/main/AndroidManifest.xml:5:5-72
13-->src/main/AndroidManifest.xml:5:22-69
14    <uses-permission android:name="android.permission.USE_FINGERPRINT" />
14-->src/main/AndroidManifest.xml:6:5-74
14-->src/main/AndroidManifest.xml:6:22-71
15
16    <permission
16-->[androidx.core:core:1.13.0] AndroidManifest.xml:22:5-24:47
17        android:name="com.example.creditcalculator.DYNAMIC_RECEIVER_NOT_EXPORTED_PERMISSION"
17-->[androidx.core:core:1.13.0] AndroidManifest.xml:23:9-81
18        android:protectionLevel="signature" />
18-->[androidx.core:core:1.13.0] AndroidManifest.xml:24:9-44
19
20    <uses-permission android:name="com.example.creditcalculator.DYNAMIC_RECEIVER_NOT_EXPORTED_PERMISSION" />
20-->[androidx.core:core:1.13.0] AndroidManifest.xml:26:5-97
20-->[androidx.core:core:1.13.0] AndroidManifest.xml:26:22-94
21
22    <application
22-->src/main/AndroidManifest.xml:8:5-56:19
23        android:name="com.example.creditcalculator.CreditApplication"
23-->src/main/AndroidManifest.xml:9:9-42
24        android:allowBackup="true"
24-->src/main/AndroidManifest.xml:10:9-35
25        android:appComponentFactory="androidx.core.app.CoreComponentFactory"
25-->[androidx.core:core:1.13.0] AndroidManifest.xml:28:18-86
26        android:debuggable="true"
27        android:extractNativeLibs="false"
28        android:icon="@drawable/ic_launcher"
28-->src/main/AndroidManifest.xml:11:9-45
29        android:label="@string/app_name"
29-->src/main/AndroidManifest.xml:13:9-41
30        android:roundIcon="@drawable/ic_launcher"
30-->src/main/AndroidManifest.xml:12:9-50
31        android:theme="@style/Theme.CreditCalculator" >
31-->src/main/AndroidManifest.xml:14:9-54
32        <activity
32-->src/main/AndroidManifest.xml:16:9-88
33            android:name="com.example.creditcalculator.LanguageSelectionActivity"
33-->src/main/AndroidManifest.xml:16:19-60
34            android:exported="false" />
34-->src/main/AndroidManifest.xml:16:61-85
35        <activity
35-->src/main/AndroidManifest.xml:17:9-118
36            android:name="com.example.creditcalculator.LockActivity"
36-->src/main/AndroidManifest.xml:17:19-47
37            android:exported="false"
37-->src/main/AndroidManifest.xml:17:48-72
38            android:windowSoftInputMode="adjustResize" />
38-->src/main/AndroidManifest.xml:17:73-115
39        <activity
39-->src/main/AndroidManifest.xml:18:9-122
40            android:name="com.example.creditcalculator.SecurityActivity"
40-->src/main/AndroidManifest.xml:18:19-51
41            android:exported="false"
41-->src/main/AndroidManifest.xml:18:52-76
42            android:windowSoftInputMode="adjustResize" />
42-->src/main/AndroidManifest.xml:18:77-119
43        <activity
43-->src/main/AndroidManifest.xml:19:9-77
44            android:name="com.example.creditcalculator.SnoozeActivity"
44-->src/main/AndroidManifest.xml:19:19-49
45            android:exported="false" />
45-->src/main/AndroidManifest.xml:19:50-74
46        <activity
46-->src/main/AndroidManifest.xml:20:9-128
47            android:name="com.example.creditcalculator.EarlyRepaymentActivity"
47-->src/main/AndroidManifest.xml:20:19-57
48            android:exported="false"
48-->src/main/AndroidManifest.xml:20:58-82
49            android:windowSoftInputMode="adjustResize" />
49-->src/main/AndroidManifest.xml:20:83-125
50        <activity
50-->src/main/AndroidManifest.xml:21:9-133
51            android:name="com.example.creditcalculator.EarlyPaymentAdvisorActivity"
51-->src/main/AndroidManifest.xml:21:19-62
52            android:exported="false"
52-->src/main/AndroidManifest.xml:21:63-87
53            android:windowSoftInputMode="adjustResize" />
53-->src/main/AndroidManifest.xml:21:88-130
54        <activity
54-->src/main/AndroidManifest.xml:22:9-128
55            android:name="com.example.creditcalculator.BenefitHistoryActivity"
55-->src/main/AndroidManifest.xml:22:19-57
56            android:exported="false"
56-->src/main/AndroidManifest.xml:22:58-82
57            android:windowSoftInputMode="adjustResize" />
57-->src/main/AndroidManifest.xml:22:83-125
58        <activity
58-->src/main/AndroidManifest.xml:23:9-123
59            android:name="com.example.creditcalculator.RefinanceActivity"
59-->src/main/AndroidManifest.xml:23:19-52
60            android:exported="false"
60-->src/main/AndroidManifest.xml:23:53-77
61            android:windowSoftInputMode="adjustResize" />
61-->src/main/AndroidManifest.xml:23:78-120
62        <activity
62-->src/main/AndroidManifest.xml:24:9-82
63            android:name="com.example.creditcalculator.InstructionActivity"
63-->src/main/AndroidManifest.xml:24:19-54
64            android:exported="false" />
64-->src/main/AndroidManifest.xml:24:55-79
65        <activity
65-->src/main/AndroidManifest.xml:25:9-76
66            android:name="com.example.creditcalculator.AboutActivity"
66-->src/main/AndroidManifest.xml:25:19-48
67            android:exported="false" />
67-->src/main/AndroidManifest.xml:25:49-73
68        <activity
68-->src/main/AndroidManifest.xml:26:9-122
69            android:name="com.example.creditcalculator.FeedbackActivity"
69-->src/main/AndroidManifest.xml:26:19-51
70            android:exported="false"
70-->src/main/AndroidManifest.xml:26:52-76
71            android:windowSoftInputMode="adjustResize" />
71-->src/main/AndroidManifest.xml:26:77-119
72        <activity
72-->src/main/AndroidManifest.xml:27:9-86
73            android:name="com.example.creditcalculator.FeedbackHistoryActivity"
73-->src/main/AndroidManifest.xml:27:19-58
74            android:exported="false" />
74-->src/main/AndroidManifest.xml:27:59-83
75        <activity
75-->src/main/AndroidManifest.xml:28:9-78
76            android:name="com.example.creditcalculator.HistoryActivity"
76-->src/main/AndroidManifest.xml:28:19-50
77            android:exported="false" />
77-->src/main/AndroidManifest.xml:28:51-75
78        <activity
78-->src/main/AndroidManifest.xml:30:9-121
79            android:name="com.example.creditcalculator.ProfileActivity"
79-->src/main/AndroidManifest.xml:30:19-50
80            android:exported="false"
80-->src/main/AndroidManifest.xml:30:51-75
81            android:windowSoftInputMode="adjustResize" />
81-->src/main/AndroidManifest.xml:30:76-118
82        <activity
82-->src/main/AndroidManifest.xml:31:9-129
83            android:name="com.example.creditcalculator.PersonalCabinetActivity"
83-->src/main/AndroidManifest.xml:31:19-58
84            android:exported="false"
84-->src/main/AndroidManifest.xml:31:59-83
85            android:windowSoftInputMode="adjustResize" />
85-->src/main/AndroidManifest.xml:31:84-126
86        <activity
86-->src/main/AndroidManifest.xml:32:9-128
87            android:name="com.example.creditcalculator.FinancialStatsActivity"
87-->src/main/AndroidManifest.xml:32:19-57
88            android:exported="false"
88-->src/main/AndroidManifest.xml:32:58-82
89            android:windowSoftInputMode="adjustResize" />
89-->src/main/AndroidManifest.xml:32:83-125
90        <activity
90-->src/main/AndroidManifest.xml:33:9-119
91            android:name="com.example.creditcalculator.TrashActivity"
91-->src/main/AndroidManifest.xml:33:19-48
92            android:exported="false"
92-->src/main/AndroidManifest.xml:33:49-73
93            android:windowSoftInputMode="adjustResize" />
93-->src/main/AndroidManifest.xml:33:74-116
94        <activity
94-->src/main/AndroidManifest.xml:34:9-121
95            android:name="com.example.creditcalculator.ArchiveActivity"
95-->src/main/AndroidManifest.xml:34:19-50
96            android:exported="false"
96-->src/main/AndroidManifest.xml:34:51-75
97            android:windowSoftInputMode="adjustResize" />
97-->src/main/AndroidManifest.xml:34:76-118
98        <activity
98-->src/main/AndroidManifest.xml:35:9-128
99            android:name="com.example.creditcalculator.PaymentDetailsActivity"
99-->src/main/AndroidManifest.xml:35:19-57
100            android:exported="false"
100-->src/main/AndroidManifest.xml:35:58-82
101            android:windowSoftInputMode="adjustResize" />
101-->src/main/AndroidManifest.xml:35:83-125
102        <activity
102-->src/main/AndroidManifest.xml:36:9-41:20
103            android:name="com.example.creditcalculator.PaymentsActivity"
103-->src/main/AndroidManifest.xml:36:19-51
104            android:exported="true"
104-->src/main/AndroidManifest.xml:36:52-75
105            android:windowSoftInputMode="adjustResize" >
105-->src/main/AndroidManifest.xml:36:76-118
106            <intent-filter>
106-->src/main/AndroidManifest.xml:37:13-40:29
107                <action android:name="android.intent.action.MAIN" />
107-->src/main/AndroidManifest.xml:38:17-69
107-->src/main/AndroidManifest.xml:38:25-66
108
109                <category android:name="android.intent.category.LAUNCHER" />
109-->src/main/AndroidManifest.xml:39:17-77
109-->src/main/AndroidManifest.xml:39:27-74
110            </intent-filter>
111        </activity>
112        <activity
112-->src/main/AndroidManifest.xml:42:9-122
113            android:name="com.example.creditcalculator.SettingsActivity"
113-->src/main/AndroidManifest.xml:42:19-51
114            android:exported="false"
114-->src/main/AndroidManifest.xml:42:52-76
115            android:windowSoftInputMode="adjustResize" />
115-->src/main/AndroidManifest.xml:42:77-119
116        <activity
116-->src/main/AndroidManifest.xml:43:9-125
117            android:name="com.example.creditcalculator.AddReminderActivity"
117-->src/main/AndroidManifest.xml:43:19-54
118            android:exported="false"
118-->src/main/AndroidManifest.xml:43:55-79
119            android:windowSoftInputMode="adjustResize" />
119-->src/main/AndroidManifest.xml:43:80-122
120        <activity
120-->src/main/AndroidManifest.xml:45:9-118
121            android:name="com.example.creditcalculator.MainActivity"
121-->src/main/AndroidManifest.xml:45:19-47
122            android:exported="false"
122-->src/main/AndroidManifest.xml:45:48-72
123            android:windowSoftInputMode="adjustResize" />
123-->src/main/AndroidManifest.xml:45:73-115
124
125        <receiver
125-->src/main/AndroidManifest.xml:47:9-79
126            android:name="com.example.creditcalculator.ReminderReceiver"
126-->src/main/AndroidManifest.xml:47:19-51
127            android:exported="false" />
127-->src/main/AndroidManifest.xml:47:52-76
128        <receiver
128-->src/main/AndroidManifest.xml:48:9-84
129            android:name="com.example.creditcalculator.PaymentActionReceiver"
129-->src/main/AndroidManifest.xml:48:19-56
130            android:exported="false" />
130-->src/main/AndroidManifest.xml:48:57-81
131        <receiver
131-->src/main/AndroidManifest.xml:49:9-54:20
132            android:name="com.example.creditcalculator.BootReceiver"
132-->src/main/AndroidManifest.xml:49:19-47
133            android:enabled="true"
133-->src/main/AndroidManifest.xml:49:48-70
134            android:exported="false" >
134-->src/main/AndroidManifest.xml:49:71-95
135            <intent-filter>
135-->src/main/AndroidManifest.xml:50:13-53:29
136                <action android:name="android.intent.action.BOOT_COMPLETED" />
136-->src/main/AndroidManifest.xml:51:17-79
136-->src/main/AndroidManifest.xml:51:25-76
137                <action android:name="android.intent.action.MY_PACKAGE_REPLACED" />
137-->src/main/AndroidManifest.xml:52:17-84
137-->src/main/AndroidManifest.xml:52:25-81
138            </intent-filter>
139        </receiver>
140
141        <provider
141-->[androidx.emoji2:emoji2:1.3.0] AndroidManifest.xml:24:9-32:20
142            android:name="androidx.startup.InitializationProvider"
142-->[androidx.emoji2:emoji2:1.3.0] AndroidManifest.xml:25:13-67
143            android:authorities="com.example.creditcalculator.androidx-startup"
143-->[androidx.emoji2:emoji2:1.3.0] AndroidManifest.xml:26:13-68
144            android:exported="false" >
144-->[androidx.emoji2:emoji2:1.3.0] AndroidManifest.xml:27:13-37
145            <meta-data
145-->[androidx.emoji2:emoji2:1.3.0] AndroidManifest.xml:29:13-31:52
146                android:name="androidx.emoji2.text.EmojiCompatInitializer"
146-->[androidx.emoji2:emoji2:1.3.0] AndroidManifest.xml:30:17-75
147                android:value="androidx.startup" />
147-->[androidx.emoji2:emoji2:1.3.0] AndroidManifest.xml:31:17-49
148            <meta-data
148-->[androidx.lifecycle:lifecycle-process:2.6.2] AndroidManifest.xml:29:13-31:52
149                android:name="androidx.lifecycle.ProcessLifecycleInitializer"
149-->[androidx.lifecycle:lifecycle-process:2.6.2] AndroidManifest.xml:30:17-78
150                android:value="androidx.startup" />
150-->[androidx.lifecycle:lifecycle-process:2.6.2] AndroidManifest.xml:31:17-49
151            <meta-data
151-->[androidx.profileinstaller:profileinstaller:1.3.1] AndroidManifest.xml:29:13-31:52
152                android:name="androidx.profileinstaller.ProfileInstallerInitializer"
152-->[androidx.profileinstaller:profileinstaller:1.3.1] AndroidManifest.xml:30:17-85
153                android:value="androidx.startup" />
153-->[androidx.profileinstaller:profileinstaller:1.3.1] AndroidManifest.xml:31:17-49
154        </provider>
155
156        <receiver
156-->[androidx.profileinstaller:profileinstaller:1.3.1] AndroidManifest.xml:34:9-52:20
157            android:name="androidx.profileinstaller.ProfileInstallReceiver"
157-->[androidx.profileinstaller:profileinstaller:1.3.1] AndroidManifest.xml:35:13-76
158            android:directBootAware="false"
158-->[androidx.profileinstaller:profileinstaller:1.3.1] AndroidManifest.xml:36:13-44
159            android:enabled="true"
159-->[androidx.profileinstaller:profileinstaller:1.3.1] AndroidManifest.xml:37:13-35
160            android:exported="true"
160-->[androidx.profileinstaller:profileinstaller:1.3.1] AndroidManifest.xml:38:13-36
161            android:permission="android.permission.DUMP" >
161-->[androidx.profileinstaller:profileinstaller:1.3.1] AndroidManifest.xml:39:13-57
162            <intent-filter>
162-->[androidx.profileinstaller:profileinstaller:1.3.1] AndroidManifest.xml:40:13-42:29
163                <action android:name="androidx.profileinstaller.action.INSTALL_PROFILE" />
163-->[androidx.profileinstaller:profileinstaller:1.3.1] AndroidManifest.xml:41:17-91
163-->[androidx.profileinstaller:profileinstaller:1.3.1] AndroidManifest.xml:41:25-88
164            </intent-filter>
165            <intent-filter>
165-->[androidx.profileinstaller:profileinstaller:1.3.1] AndroidManifest.xml:43:13-45:29
166                <action android:name="androidx.profileinstaller.action.SKIP_FILE" />
166-->[androidx.profileinstaller:profileinstaller:1.3.1] AndroidManifest.xml:44:17-85
166-->[androidx.profileinstaller:profileinstaller:1.3.1] AndroidManifest.xml:44:25-82
167            </intent-filter>
168            <intent-filter>
168-->[androidx.profileinstaller:profileinstaller:1.3.1] AndroidManifest.xml:46:13-48:29
169                <action android:name="androidx.profileinstaller.action.SAVE_PROFILE" />
169-->[androidx.profileinstaller:profileinstaller:1.3.1] AndroidManifest.xml:47:17-88
169-->[androidx.profileinstaller:profileinstaller:1.3.1] AndroidManifest.xml:47:25-85
170            </intent-filter>
171            <intent-filter>
171-->[androidx.profileinstaller:profileinstaller:1.3.1] AndroidManifest.xml:49:13-51:29
172                <action android:name="androidx.profileinstaller.action.BENCHMARK_OPERATION" />
172-->[androidx.profileinstaller:profileinstaller:1.3.1] AndroidManifest.xml:50:17-95
172-->[androidx.profileinstaller:profileinstaller:1.3.1] AndroidManifest.xml:50:25-92
173            </intent-filter>
174        </receiver>
175    </application>
176
177</manifest>